0 info it worked if it ends with ok
1 verbose cli [ 'C:\\Program Files\\nodejs\\node.exe',
1 verbose cli   'C:\\Users\\alper.bicer\\AppData\\Roaming\\npm\\node_modules\\npm\\bin\\npm-cli.js',
1 verbose cli   'start' ]
2 info using npm@3.10.10
3 info using node@v6.10.0
4 verbose run-script [ 'prestart', 'start', 'poststart' ]
5 info lifecycle es6-startup-pack@1.0.0~prestart: es6-startup-pack@1.0.0
6 silly lifecycle es6-startup-pack@1.0.0~prestart: no script for prestart, continuing
7 info lifecycle es6-startup-pack@1.0.0~start: es6-startup-pack@1.0.0
8 verbose lifecycle es6-startup-pack@1.0.0~start: unsafe-perm in lifecycle true
9 verbose lifecycle es6-startup-pack@1.0.0~start: PATH: C:\Users\alper.bicer\AppData\Roaming\npm\node_modules\npm\bin\node-gyp-bin;C:\Users\alper.bicer\Desktop\es6-startup-pack\node_modules\.bin;C:\Program Files\Docker\Docker\Resources\bin;C:\app\serkan.ustundag\product\11.2.0\client_2;C:\app\serkan.ustundag\product\11.2.0\client_2\bin;C:\app\serkan.ustundag\product\11.2.0\client_1;C:\app\serkan.ustundag\product\11.2.0\client_1\bin;C:\ProgramData\Oracle\Java\javapath;C:\WINDOWS\system32;C:\WINDOWS;C:\WINDOWS\System32\Wbem;C:\WINDOWS\System32\WindowsPowerShell\v1.0\;C:\Program Files (x86)\Enterprise Vault\EVClient\x64\;C:\Program Files (x86)\Windows Kits\8.1\Windows Performance Toolkit\;C:\Program Files\Microsoft SQL Server\110\Tools\Binn\;C:\Program Files (x86)\Microsoft SDKs\TypeScript\2.0\;C:\Program Files\Microsoft SQL Server\120\Tools\Binn\;C:\Program Files (x86)\Microsoft SQL Server\110\Tools\Binn\ManagementStudio\;C:\Program Files (x86)\Microsoft SQL Server\110\Tools\Binn\;C:\Program Files (x86)\Microsoft Visual Studio 10.0\Common7\IDE\PrivateAssemblies\;C:\Program Files (x86)\Microsoft SQL Server\110\DTS\Binn\;C:\Program Files (x86)\Microsoft SQL Server\100\Tools\Binn\;C:\Program Files\Microsoft SQL Server\100\Tools\Binn\;C:\Program Files\Microsoft SQL Server\100\DTS\Binn\;C:\Program Files\Microsoft SQL Server\130\Tools\Binn\;C:\Program Files\Microsoft\Web Platform Installer\;C:\Program Files\nodejs\;C:\Program Files\Microsoft SQL Server\Client SDK\ODBC\110\Tools\Binn\;C:\Program Files (x86)\Microsoft SQL Server\120\Tools\Binn\;C:\Program Files\Microsoft SQL Server\120\DTS\Binn\;C:\Program Files (x86)\Microsoft SQL Server\120\Tools\Binn\ManagementStudio\;C:\Program Files (x86)\Microsoft SQL Server\120\DTS\Binn\;C:\Program Files\dotnet\;C:\Program Files (x86)\Yarn\bin;C:\Program Files\Git\cmd;C:\Users\alper.bicer\AppData\Roaming\npm;C:\Users\alper.bicer\AppData\Local\Yarn\bin;C:\Users\alper.bicer\AppData\Local\Microsoft\WindowsApps;C:\Program Files\Microsoft VS Code\bin
10 verbose lifecycle es6-startup-pack@1.0.0~start: CWD: C:\Users\alper.bicer\Desktop\es6-startup-pack
11 silly lifecycle es6-startup-pack@1.0.0~start: Args: [ '/d /s /c', 'node server' ]
12 silly lifecycle es6-startup-pack@1.0.0~start: Returned: code: 3221225786  signal: null
13 info lifecycle es6-startup-pack@1.0.0~start: Failed to exec start script
14 verbose stack Error: es6-startup-pack@1.0.0 start: `node server`
14 verbose stack Exit status 3221225786
14 verbose stack     at EventEmitter.<anonymous> (C:\Users\alper.bicer\AppData\Roaming\npm\node_modules\npm\lib\utils\lifecycle.js:255:16)
14 verbose stack     at emitTwo (events.js:106:13)
14 verbose stack     at EventEmitter.emit (events.js:191:7)
14 verbose stack     at ChildProcess.<anonymous> (C:\Users\alper.bicer\AppData\Roaming\npm\node_modules\npm\lib\utils\spawn.js:40:14)
14 verbose stack     at emitTwo (events.js:106:13)
14 verbose stack     at ChildProcess.emit (events.js:191:7)
14 verbose stack     at maybeClose (internal/child_process.js:877:16)
14 verbose stack     at Process.ChildProcess._handle.onexit (internal/child_process.js:226:5)
15 verbose pkgid es6-startup-pack@1.0.0
16 verbose cwd C:\Users\alper.bicer\Desktop\es6-startup-pack
17 error Windows_NT 10.0.16299
18 error argv "C:\\Program Files\\nodejs\\node.exe" "C:\\Users\\alper.bicer\\AppData\\Roaming\\npm\\node_modules\\npm\\bin\\npm-cli.js" "start"
19 error node v6.10.0
20 error npm  v3.10.10
21 error code ELIFECYCLE
22 error es6-startup-pack@1.0.0 start: `node server`
22 error Exit status 3221225786
23 error Failed at the es6-startup-pack@1.0.0 start script 'node server'.
23 error Make sure you have the latest version of node.js and npm installed.
23 error If you do, this is most likely a problem with the es6-startup-pack package,
23 error not with npm itself.
23 error Tell the author that this fails on your system:
23 error     node server
23 error You can get information on how to open an issue for this project with:
23 error     npm bugs es6-startup-pack
23 error Or if that isn't available, you can get their info via:
23 error     npm owner ls es6-startup-pack
23 error There is likely additional logging output above.
24 verbose exit [ 1, true ]
